<?xml version="1.0" encoding="UTF-8"?>
<!-- Generated by org.testng.reporters.JUnitReportReporter -->
<testsuite skipped="0" hostname="DESKTOP-U1I4D85" name="testNG.NewTest" tests="1" failures="0" timestamp="18 Aug 2018 16:15:40 GMT" time="0.020" errors="0">
  <testcase name="prueba" time="0.020" classname="testNG.NewTest"/>
</testsuite> <!-- testNG.NewTest -->
